000000000000000010010000000000000000000000000000
000100000000001000000000100000010001000000000000
000000000000000000000000000000000000000000010010
010000010000000000000000011000000000000000000000
000000000000000000010000000000000000000000000000
000000000000110010000010000000100000000000000000
000000001000000000000000000000001100000010000000
000100000101000110000000000000000001010001000000
000000100000000000000000000001000000000000000000
000000010001000000000001100000000100000000100000
000000000000000010000010000001000000000000000000
000000010100000010000000000000000000000000011000
000001000000000100001010000000100100001000000000
000001000000000010010000000000000000000000011000
010000000000000000000000001000000000000000100001
000000010000100000000000000000010000010000000000
100001010011010000000000011010000000000000000010
000000000000000000000000000000000000000000101000
000000000000000000000000100001000000000000000000
100010000000010000001000000000100000000000000000
000000000000100000010000010000000000000000000001
000000000000000000000000010100000001000000001000
000001000010100000000000001000100001000000000000
000000000100000000000000000000000000000000000000
010000000100000000100000000000000010010000000001
000100000000000010001100000000001000000001000000
000100000000001010000010000000000000000000000001
000000000000000000000100000000001000000000000000
000000000000000010000000000001000000000000010010
000000001010000000100000000010000000000000000000
000001000000100000010010000000000000001000000000
010000000000000100000000000000001000001000100000
000000100000000000000000010100010000000000000000
000000100100100000000000000000000000000010000000
000000000000000000000000100000000000000000000000
010000010000000000000110000000000000000000000000
000000000000000000000000000000000000010000000000
000000010000000100000000100000000000100000000000
000000000000100000000000000000110000000001000000
000000000000000000000000000000000000000000000000
000000100000000000000000000000000100000000001000
000000010000000000000000010000000000001000000000
000000000100001001000000000000010000000000000000
001000000001010000000000000010000000000000000100
000000000001010001000100000000000000000010000000
000000000000000000000000000000000000000000010000
001000000000000010000000000010000000000000000000
000000000000001000001000101000000000000000000000
0:16 19
1:3 14 24 31 35
2:43 46
3:1 7 25 26
4:19
5:12 13 16 22 30
6:8 32 33 40
7:3 9 11 15 16 35 37 41
8:6 29
9:7 11 23 24 33 42
10:16 22 29
11:7 9 16 43 44
12:5 15 20 22 30 33 38
13:5 16 19 43 44
14:1 26 42 47
15:7 12 31 37
16:0 5 7 10 11 13 25 26 28 46
17:42 44
18:24 29
19:0 4 13 20 30
20:12 19 25 47
21:25 27 35 44
22:5 10 12 26 30 35
23:9
24:1 9 18 34 37 47
25:3 16 20 21 32 41
26:3 14 16 22 47
27:21 32
28:16 29 43 46
29:8 10 18 28
30:5 12 19 22 38
31:1 15 32 38 42
32:6 25 27 31
33:6 9 12 40
34:24
35:1 7 21 22
36:37
37:7 15 24 36
38:12 30 31 41
40:6 33 44
41:7 25 38
42:9 14 17 31
43:2 11 13 28 45
44:11 13 17 21 40
45:43
46:2 16 28
47:14 20 24 26