Itching To Buy The Latest IPhone 14 Pro Or IPhone Pro Max? Apple Says You Should Expect Longer Wait Times To Receive Its New Products.
ÍThe Tech Giant Announced Its Assembly Factory In China Is Now Operating At A Significantly Reduced Capacity.
ÍOfficials Locked Down A District Home To Foxconn's IPhone Factory - The World's Largest - On 2 November For Seven Days.
ÍApple's News Comes As China Reiterates Its Commitment To Zero Covid.
Ías We Have Done Throughout The COVID-19 Pandemic, We Are Prioritising The Health And Safety Of The Workers In Our Supply Chain," Said A Statement From Apple, Which Launched Its New IPhone Line In September.
Íwe Continue To See Strong Demand For IPhone 14 Pro And IPhone 14 Pro Max Models. However, We Now Expect Lower IPhone 14 Pro And IPhone 14 Pro Max Shipments Than We Previously Anticipated And Customers Will Experience Longer Wait Times To Receive Their New Products."
ÍThe Announcement Will Likely Disappoint Investors Who Were Hoping China Would Lift Its Covid Restrictions In The Near Future. Chinese Stock Markets Rose Sharply On Friday On The Back Of Rumours Of An End To Covid Lockdowns.
Í"eijing's Unyielding Approach To Arresting The Spread Of The Virus Has Come At A Huge Economic Cost. But The Country's Leader Xi Jinping, Who Has Personally Endorsed The Policy, Has Given No Indication That It Will Ease Soon.
Í4rade Figures And Foreign Exchange Data Due Later On Monday Are Likely To Give An Indication Of How The World's Second-largest Economy Is Coping With Challenges Posed By Persistent Covid Restrictions, A Prolonged Property Slump And The Risk Of A Global Recession.
ÍChina's Third Quarter Gross Domestic Product Data Showed Its Economy Rebounded Faster Than Expected To 3.9% Due To An Influx Of Government Investment.
Í4he Country Reported 5,643 New Covid Infections On Sunday, Its Highest Daily Tally In Six Months. Zhengzhou, Where The Foxconn Factory Is Located, Is The Capital Of Henan Province In Central China And Is Home To About 10 Million People. It Recorded 3,683 Cases And 22 Deaths On Monday.
ÍCases Were Also Detected Inside The Factory, Prompting A Sudden Shutdown That Led To Workers Fleeing The Premises.
ÍFoxconn, The World's Largest Contract Electronic Maker, Has Revised Down Its Fourth Quarter Outlook Due To China's Covid Control Measures. The Fourth Quarter Is Usually A Busy Time For The Tech Company As Demand For Electronics Rises Ahead Of The Year-end Holiday Season In The West.
ÍThe Taiwan-based Company Said They Are Working With The Henan Provincial Government "to Stamp Out The Pandemic And Resume Production To Its Full Capacity As Quickly As Possible".
ÍFoxconn, Formally Known As Hon Hai Precision Industry, Accounts For 70% Of IPhone Shipments Globally.
Itching To Buy The Latest IPhone 14 Pro Or IPhone Pro Max? Apple Says You Should Expect Longer Wait Times To Receive Its New Products.
ÍThe Tech Giant Announced Its Assembly Factory In China Is Now Operating At A Significantly Reduced Capacity.
ÍOfficials Locked Down A District Home To Foxconn's IPhone Factory - The World's Largest - On 2 November For Seven Days.
ÍApple's News Comes As China Reiterates Its Commitment To Zero Covid.
Ías We Have Done Throughout The COVID-19 Pandemic, We Are Prioritising The Health And Safety Of The Workers In Our Supply Chain," Said A Statement From Apple, Which Launched Its New IPhone Line In September.
Íwe Continue To See Strong Demand For IPhone 14 Pro And IPhone 14 Pro Max Models. However, We Now Expect Lower IPhone 14 Pro And IPhone 14 Pro Max Shipments Than We Previously Anticipated And Customers Will Experience Longer Wait Times To Receive Their New Products."
ÍThe Announcement Will Likely Disappoint Investors Who Were Hoping China Would Lift Its Covid Restrictions In The Near Future. Chinese Stock Markets Rose Sharply On Friday On The Back Of Rumours Of An End To Covid Lockdowns.
Í"eijing's Unyielding Approach To Arresting The Spread Of The Virus Has Come At A Huge Economic Cost. But The Country's Leader Xi Jinping, Who Has Personally Endorsed The Policy, Has Given No Indication That It Will Ease Soon.
Í4rade Figures And Foreign Exchange Data Due Later On Monday Are Likely To Give An Indication Of How The World's Second-largest Economy Is Coping With Challenges Posed By Persistent Covid Restrictions, A Prolonged Property Slump And The Risk Of A Global Recession.
ÍChina's Third Quarter Gross Domestic Product Data Showed Its Economy Rebounded Faster Than Expected To 3.9% Due To An Influx Of Government Investment.
Í4he Country Reported 5,643 New Covid Infections On Sunday, Its Highest Daily Tally In Six Months. Zhengzhou, Where The Foxconn Factory Is Located, Is The Capital Of Henan Province In Central China And Is Home To About 10 Million People. It Recorded 3,683 Cases And 22 Deaths On Monday.
ÍCases Were Also Detected Inside The Factory, Prompting A Sudden Shutdown That Led To Workers Fleeing The Premises.
ÍFoxconn, The World's Largest Contract Electronic Maker, Has Revised Down Its Fourth Quarter Outlook Due To China's Covid Control Measures. The Fourth Quarter Is Usually A Busy Time For The Tech Company As Demand For Electronics Rises Ahead Of The Year-end Holiday Season In The West.
ÍThe Taiwan-based Company Said They Are Working With The Henan Provincial Government "to Stamp Out The Pandemic And Resume Production To Its Full Capacity As Quickly As Possible".
ÍFoxconn, Formally Known As Hon Hai Precision Industry, Accounts For 70% Of IPhone Shipments Globally.
